-------------------------------------------------------------------------------
Test set: GetOrdersTest
-------------------------------------------------------------------------------
Tests run: 1, Failures: 1, Errors: 0, Skipped: 0, Time elapsed: 0.547 s <<< FAILURE! - in GetOrdersTest
getListOfOrders(GetOrdersTest)  Time elapsed: 0.546 s  <<< FAILURE!
java.lang.AssertionError: expected:<200> but was:<500>
	at GetOrdersTest.getListOfOrders(GetOrdersTest.java:28)

