<?xml version="1.0" encoding="UTF-8"?>
<testsuite xmlns:xsi="http://www.w3.org/2001/XMLSchema-instance" xsi:noNamespaceSchemaLocation="https://maven.apache.org/surefire/maven-surefire-plugin/xsd/surefire-test-report.xsd" name="OrderTest" time="1.106" tests="4" errors="0" skipped="0" failures="0">
  <properties>
[...]
</properties>
  <testcase name="orderCanBeCreated[Цвет самоката. Тестовые данные: [BLACK]]" classname="OrderTest" time="0.297"/>
  <testcase name="orderCanBeCreated[Цвет самоката. Тестовые данные: [GREY]]" classname="OrderTest" time="0.327"/>
  <testcase name="orderCanBeCreated[Цвет самоката. Тестовые данные: [BLACK, GREY]]" classname="OrderTest" time="0.219"/>
  <testcase name="orderCanBeCreated[Цвет самоката. Тестовые данные: []]" classname="OrderTest" time="0.256"/>
</testsuite>